20-Jul-2021 14:34:02.716 INFO [main] org.apache.catalina.startup.VersionLoggerListener.log Server version name:   Apache Tomcat/9.0.50
20-Jul-2021 14:34:02.718 INFO [main] org.apache.catalina.startup.VersionLoggerListener.log Server built:          Jun 28 2021 08:46:44 UTC
20-Jul-2021 14:34:02.718 INFO [main] org.apache.catalina.startup.VersionLoggerListener.log Server version number: 9.0.50.0
20-Jul-2021 14:34:02.718 INFO [main] org.apache.catalina.startup.VersionLoggerListener.log OS Name:               Linux
20-Jul-2021 14:34:02.719 INFO [main] org.apache.catalina.startup.VersionLoggerListener.log OS Version:            5.4.72-microsoft-standard-WSL2
20-Jul-2021 14:34:02.719 INFO [main] org.apache.catalina.startup.VersionLoggerListener.log Architecture:          amd64
20-Jul-2021 14:34:02.719 INFO [main] org.apache.catalina.startup.VersionLoggerListener.log Java Home:             /usr/lib/jvm/java-8-openjdk-amd64/jre
20-Jul-2021 14:34:02.719 INFO [main] org.apache.catalina.startup.VersionLoggerListener.log JVM Version:           1.8.0_292-8u292-b10-0ubuntu1~20.04-b10
20-Jul-2021 14:34:02.720 INFO [main] org.apache.catalina.startup.VersionLoggerListener.log JVM Vendor:            Private Build
20-Jul-2021 14:34:02.720 INFO [main] org.apache.catalina.startup.VersionLoggerListener.log CATALINA_BASE:         /usr/local/tomcat
20-Jul-2021 14:34:02.720 INFO [main] org.apache.catalina.startup.VersionLoggerListener.log CATALINA_HOME:         /usr/local/tomcat
20-Jul-2021 14:34:02.721 INFO [main] org.apache.catalina.startup.VersionLoggerListener.log Command line argument: -Djava.util.logging.config.file=/usr/local/tomcat/conf/logging.properties
20-Jul-2021 14:34:02.721 INFO [main] org.apache.catalina.startup.VersionLoggerListener.log Command line argument: -Djava.util.logging.manager=org.apache.juli.ClassLoaderLogManager
20-Jul-2021 14:34:02.722 INFO [main] org.apache.catalina.startup.VersionLoggerListener.log Command line argument: -Djdk.tls.ephemeralDHKeySize=2048
20-Jul-2021 14:34:02.722 INFO [main] org.apache.catalina.startup.VersionLoggerListener.log Command line argument: -Djava.protocol.handler.pkgs=org.apache.catalina.webresources
20-Jul-2021 14:34:02.722 INFO [main] org.apache.catalina.startup.VersionLoggerListener.log Command line argument: -Dorg.apache.catalina.security.SecurityListener.UMASK=0027
20-Jul-2021 14:34:02.722 INFO [main] org.apache.catalina.startup.VersionLoggerListener.log Command line argument: -Dignore.endorsed.dirs=
20-Jul-2021 14:34:02.723 INFO [main] org.apache.catalina.startup.VersionLoggerListener.log Command line argument: -Dcatalina.base=/usr/local/tomcat
20-Jul-2021 14:34:02.723 INFO [main] org.apache.catalina.startup.VersionLoggerListener.log Command line argument: -Dcatalina.home=/usr/local/tomcat
20-Jul-2021 14:34:02.723 INFO [main] org.apache.catalina.startup.VersionLoggerListener.log Command line argument: -Djava.io.tmpdir=/usr/local/tomcat/temp
20-Jul-2021 14:34:02.727 INFO [main] org.apache.catalina.core.AprLifecycleListener.lifecycleEvent The Apache Tomcat Native library which allows using OpenSSL was not found on the java.library.path: [/usr/java/packages/lib/amd64:/usr/lib/x86_64-linux-gnu/jni:/lib/x86_64-linux-gnu:/usr/lib/x86_64-linux-gnu:/usr/lib/jni:/lib:/usr/lib]
20-Jul-2021 14:34:03.123 INFO [main] org.apache.coyote.AbstractProtocol.init Initializing ProtocolHandler ["http-nio-8080"]
20-Jul-2021 14:34:03.153 INFO [main] org.apache.catalina.startup.Catalina.load Server initialization in [638] milliseconds
20-Jul-2021 14:34:03.199 INFO [main] org.apache.catalina.core.StandardService.startInternal Starting service [Catalina]
20-Jul-2021 14:34:03.199 INFO [main] org.apache.catalina.core.StandardEngine.startInternal Starting Servlet engine: [Apache Tomcat/9.0.50]
20-Jul-2021 14:34:03.217 INFO [main] org.apache.catalina.startup.HostConfig.deployDirectory Deploying web application directory [/usr/local/tomcat/webapps/test]
20-Jul-2021 14:34:03.587 INFO [main] org.apache.catalina.startup.HostConfig.deployDirectory Deployment of web application directory [/usr/local/tomcat/webapps/test] has finished in [369] ms
20-Jul-2021 14:34:03.591 INFO [main] org.apache.coyote.AbstractProtocol.start Starting ProtocolHandler ["http-nio-8080"]
20-Jul-2021 14:34:03.606 INFO [main] org.apache.catalina.startup.Catalina.start Server startup in [452] milliseconds
